<?xml version="1.0" encoding="utf-8"?><testsuites><testsuite name="pytest" errors="0" failures="0" skipped="0" tests="0" time="0.002" timestamp="2020-11-18T19:03:11.104079" hostname="xps" /></testsuites>